<?xml version="1.0" encoding="UTF-8"?>
<!-- Generated by org.testng.reporters.JUnitReportReporter -->
<testsuite hostname="DESKTOP-EAA3A0K" failures="0" tests="5" name="testCases.TC003_LoginDDT" time="27.700" errors="0" timestamp="2024-10-02T19:53:09 IST" skipped="0">
  <testcase classname="testCases.TC003_LoginDDT" name="verify_LoginPage" time="2.566"/>
  <testcase classname="testCases.TC003_LoginDDT" name="verify_LoginPage" time="6.673"/>
  <testcase classname="testCases.TC003_LoginDDT" name="verify_LoginPage" time="8.505"/>
  <testcase classname="testCases.TC003_LoginDDT" name="verify_LoginPage" time="3.293"/>
  <testcase classname="testCases.TC003_LoginDDT" name="verify_LoginPage" time="6.663"/>
</testsuite> <!-- testCases.TC003_LoginDDT -->
