<?xml version="1.0" encoding="UTF-8"?>
<!-- Generated by org.testng.reporters.JUnitReportReporter -->
<testsuite hostname="DESKTOP-EAA3A0K" failures="0" tests="1" name="testBase.TC001_AccountRegistrationTest" time="3.264" errors="0" timestamp="2024-09-22T01:27:03 IST" skipped="0">
  <testcase classname="testBase.TC001_AccountRegistrationTest" name="verify_account_registration" time="3.264"/>
</testsuite> <!-- testBase.TC001_AccountRegistrationTest -->
